<!DOCTYPE html PUBLIC "-//W3C//DTD XHTML 1.1//EN" "https://www.w3.org/TR/xhtml11/DTD/xhtml11.dtd">
<html xmlns="https://www.w3.org/1999/xhtml">
<head>
<meta http-equiv="content-type" content="text/html; charset=UTF-8"/>
<title>TestNG Report</title>
<style type="text/css">table {margin-bottom:10px;border-collapse:collapse;empty-cells:show}th,td {border:1px solid #009;padding:.25em .5em}th {vertical-align:bottom}td {vertical-align:top}table a {font-weight:bold}.stripe td {background-color: #E6EBF9}.num {text-align:right}.passedodd td {background-color: #3F3}.passedeven td {background-color: #0A0}.skippedodd td {background-color: #DDD}.skippedeven td {background-color: #CCC}.failedodd td,.attn {background-color: #F33}.failedeven td,.stripe .attn {background-color: #D00}.stacktrace {white-space:pre;font-family:monospace}.totop {font-size:85%;text-align:center;border-bottom:2px solid #000}.invisible {display:none}</style>
</head>
<body>
<table>
<tr><th>Test</th><th># Passed</th><th># Skipped</th><th># Retried</th><th># Failed</th><th>Time (ms)</th><th>Included Groups</th><th>Excluded Groups</th></tr>
<tr><th colspan="8">Default suite</th></tr>
<tr><td><a href="#t0">Default test</a></td><td class="num">5</td><td class="num">0</td><td class="num">0</td><td class="num attn">5</td><td class="num">1,574,870</td><td></td><td></td></tr>
</table>
<table id='summary'><thead><tr><th>Class</th><th>Method</th><th>Start</th><th>Time (ms)</th></tr></thead><tbody><tr><th colspan="4">Default suite</th></tr></tbody><tbody id="t0"><tr><th colspan="4">Default test &#8212; failed</th></tr><tr class="failedeven"><td rowspan="5">testRunner.RunnerTestNG</td><td><a href="#m0">runScenario</a></td><td rowspan="5">1730701253023</td><td rowspan="5">118272</td></tr><tr class="failedeven"><td><a href="#m1">runScenario</a></td></tr><tr class="failedeven"><td><a href="#m2">runScenario</a></td></tr><tr class="failedeven"><td><a href="#m3">runScenario</a></td></tr><tr class="failedeven"><td><a href="#m4">runScenario</a></td></tr><tr><th colspan="4">Default test &#8212; passed</th></tr><tr class="passedeven"><td rowspan="5">testRunner.RunnerTestNG</td><td><a href="#m5">runScenario</a></td><td rowspan="5">1730700702933</td><td rowspan="5">257539</td></tr><tr class="passedeven"><td><a href="#m6">runScenario</a></td></tr><tr class="passedeven"><td><a href="#m7">runScenario</a></td></tr><tr class="passedeven"><td><a href="#m8">runScenario</a></td></tr><tr class="passedeven"><td><a href="#m9">runScenario</a></td></tr></tbody>
</table>
<h2>Default test</h2><h3 id="m0">testRunner.RunnerTestNG#runScenario</h3><table class="result"><tr class="param"><th>Parameter #1</th><th>Parameter #2</th></tr><tr class="param stripe"><td>&quot;Valdiate Whether User is able to create an RG with Single Contact&quot;</td><td>&quot;Request Group Scenarios&quot;</td></tr><tr><th colspan="2">Exception</th></tr><tr><td colspan="2"><div class="stacktrace">java.lang.AssertionError: Not Able to Enter Text in WebElement:[[ChromeDriver: chrome on windows (de2463c632c9608264987298fc255881)] -&gt; xpath: //input[@id=&apos;5aea26b5&apos;]]On Page: Retrieval portal expected [true] but found [false]
	at org.testng.Assert.fail(Assert.java:111)
	at org.testng.Assert.failNotEquals(Assert.java:1578)
	at org.testng.Assert.assertTrue(Assert.java:57)
	at utils.KeyWords.sendKeys(KeyWords.java:181)
	at stepDefinitionFile.Create_RG_Sd.AddaSingleContact(Create_RG_Sd.java:75)
	at ✽.Under Contact section Add a Single Contact(file:///C:/Users/HP/git/HDAP2_PEGAUI_Automation/src/main/java/featureFile/Create_RG.feature:49)
</div></td></tr></table><p class="totop"><a href="#summary">back to summary</a></p>
<h3 id="m1">testRunner.RunnerTestNG#runScenario</h3><table class="result"><tr class="param"><th>Parameter #1</th><th>Parameter #2</th></tr><tr class="param stripe"><td>&quot;Valdiate Whether User is able to create an RG with Single Contact&quot;</td><td>&quot;Request Group Scenarios&quot;</td></tr><tr><th colspan="2">Exception</th></tr><tr><td colspan="2"><div class="stacktrace">java.lang.AssertionError: Not Able to Enter Text in WebElement:[[ChromeDriver: chrome on windows (504914295e870fc1ab7bc5ca0b0dbe5e)] -&gt; xpath: //input[@id=&apos;45da4e1f&apos;]]On Page: Retrieval portal expected [true] but found [false]
	at org.testng.Assert.fail(Assert.java:111)
	at org.testng.Assert.failNotEquals(Assert.java:1578)
	at org.testng.Assert.assertTrue(Assert.java:57)
	at utils.KeyWords.sendKeys(KeyWords.java:181)
	at stepDefinitionFile.Create_RG_Sd.AddaSingleContact(Create_RG_Sd.java:71)
	at ✽.Under Contact section Add a Single Contact(file:///C:/Users/HP/git/HDAP2_PEGAUI_Automation/src/main/java/featureFile/Create_RG.feature:23)
</div></td></tr></table><p class="totop"><a href="#summary">back to summary</a></p>
<h3 id="m2">testRunner.RunnerTestNG#runScenario</h3><table class="result"><tr class="param"><th>Parameter #1</th><th>Parameter #2</th></tr><tr class="param stripe"><td>&quot;Valdiate Whether User is able to create an RG with Single Contact&quot;</td><td>&quot;Request Group Scenarios&quot;</td></tr><tr><th colspan="2">Exception</th></tr><tr><td colspan="2"><div class="stacktrace">java.lang.AssertionError: Not Able to SelectByValue for WebElement:[[ChromeDriver: chrome on windows (49359c590aab2cfff749378f8670702c)] -&gt; xpath: //select[@id=&apos;c1a346d0&apos;]]. On Page title: Retrieval portal expected [true] but found [false]
	at org.testng.Assert.fail(Assert.java:111)
	at org.testng.Assert.failNotEquals(Assert.java:1578)
	at org.testng.Assert.assertTrue(Assert.java:57)
	at utils.KeyWords.selectByValue(KeyWords.java:408)
	at stepDefinitionFile.Create_RG_Sd.AddaSingleContact(Create_RG_Sd.java:69)
	at ✽.Under Contact section Add a Single Contact(file:///C:/Users/HP/git/HDAP2_PEGAUI_Automation/src/main/java/featureFile/Create_RG.feature:116)
</div></td></tr></table><p class="totop"><a href="#summary">back to summary</a></p>
<h3 id="m3">testRunner.RunnerTestNG#runScenario</h3><table class="result"><tr class="param"><th>Parameter #1</th><th>Parameter #2</th></tr><tr class="param stripe"><td>&quot;Valdiate Whether User is able to create an RG with Single Contact&quot;</td><td>&quot;Request Group Scenarios&quot;</td></tr><tr><th colspan="2">Exception</th></tr><tr><td colspan="2"><div class="stacktrace">java.lang.AssertionError: Not Able to Enter Text in WebElement:[[ChromeDriver: chrome on windows (0da52363251fb4e8f26a6fc3ecf044ef)] -&gt; xpath: //input[@id=&apos;5aea26b5&apos;]]On Page: Retrieval portal expected [true] but found [false]
	at org.testng.Assert.fail(Assert.java:111)
	at org.testng.Assert.failNotEquals(Assert.java:1578)
	at org.testng.Assert.assertTrue(Assert.java:57)
	at utils.KeyWords.sendKeys(KeyWords.java:181)
	at stepDefinitionFile.Create_RG_Sd.AddaSingleContact(Create_RG_Sd.java:75)
	at ✽.Under Contact section Add a Single Contact(file:///C:/Users/HP/git/HDAP2_PEGAUI_Automation/src/main/java/featureFile/Create_RG.feature:77)
</div></td></tr></table><p class="totop"><a href="#summary">back to summary</a></p>
<h3 id="m4">testRunner.RunnerTestNG#runScenario</h3><table class="result"><tr class="param"><th>Parameter #1</th><th>Parameter #2</th></tr><tr class="param stripe"><td>&quot;Valdiate Whether User is able to create an RG with Single Contact&quot;</td><td>&quot;Request Group Scenarios&quot;</td></tr><tr><th colspan="2">Exception</th></tr><tr><td colspan="2"><div class="stacktrace">java.lang.AssertionError: Not Able to Enter Text in WebElement:[[ChromeDriver: chrome on windows (9cd9587f7f17251709fc842c362a0a8c)] -&gt; xpath: //input[@id=&apos;6da723dd&apos;]]On Page: Retrieval portal expected [true] but found [false]
	at org.testng.Assert.fail(Assert.java:111)
	at org.testng.Assert.failNotEquals(Assert.java:1578)
	at org.testng.Assert.assertTrue(Assert.java:57)
	at utils.KeyWords.sendKeys(KeyWords.java:181)
	at stepDefinitionFile.Create_RG_Sd.UnderContactsectionAddaMultipleContacts(Create_RG_Sd.java:700)
	at ✽.Under Contact section Add a Multiple Contacts(file:///C:/Users/HP/git/HDAP2_PEGAUI_Automation/src/main/java/featureFile/Create_RG.feature:129)
</div></td></tr></table><p class="totop"><a href="#summary">back to summary</a></p>
<h3 id="m5">testRunner.RunnerTestNG#runScenario</h3><table class="result"><tr class="param"><th>Parameter #1</th><th>Parameter #2</th></tr><tr class="param stripe"><td>&quot;Valdiate Whether User is able to create an RG with Single Contact&quot;</td><td>&quot;Request Group Scenarios&quot;</td></tr></table><p class="totop"><a href="#summary">back to summary</a></p>
<h3 id="m6">testRunner.RunnerTestNG#runScenario</h3><table class="result"><tr class="param"><th>Parameter #1</th><th>Parameter #2</th></tr><tr class="param stripe"><td>&quot;Valdiate Whether User is able to create an RG with Single Contact&quot;</td><td>&quot;Request Group Scenarios&quot;</td></tr></table><p class="totop"><a href="#summary">back to summary</a></p>
<h3 id="m7">testRunner.RunnerTestNG#runScenario</h3><table class="result"><tr class="param"><th>Parameter #1</th><th>Parameter #2</th></tr><tr class="param stripe"><td>&quot;Valdiate Whether User is able to create an RG with Single Contact&quot;</td><td>&quot;Request Group Scenarios&quot;</td></tr></table><p class="totop"><a href="#summary">back to summary</a></p>
<h3 id="m8">testRunner.RunnerTestNG#runScenario</h3><table class="result"><tr class="param"><th>Parameter #1</th><th>Parameter #2</th></tr><tr class="param stripe"><td>&quot;Valdiate Whether User is able to create an RG with Single Contact&quot;</td><td>&quot;Request Group Scenarios&quot;</td></tr></table><p class="totop"><a href="#summary">back to summary</a></p>
<h3 id="m9">testRunner.RunnerTestNG#runScenario</h3><table class="result"><tr class="param"><th>Parameter #1</th><th>Parameter #2</th></tr><tr class="param stripe"><td>&quot;Valdiate Whether User is able to create an RG with Single Contact&quot;</td><td>&quot;Request Group Scenarios&quot;</td></tr></table><p class="totop"><a href="#summary">back to summary</a></p>
</body>
</html>
