<?xml version="1.0" encoding="UTF-8"?>
<!-- Generated by org.testng.reporters.JUnitReportReporter -->
<testsuite hostname="DESKTOP-ITILOB1" failures="2" tests="40" name="HDAP_APIs.Create_Multiple_Projects_With_PreLauch_Status" time="102.723" errors="0" timestamp="2024-10-04T19:37:06 IST" skipped="0">
  <testcase classname="HDAP_APIs.Create_Multiple_Projects_With_PreLauch_Status" name="ChaseRequest_With_Single_Matching_RG" time="1.260"/>
  <testcase classname="HDAP_APIs.Create_Multiple_Projects_With_PreLauch_Status" name="ChaseRequest_With_Single_Matching_RG" time="1.047"/>
  <testcase classname="HDAP_APIs.Create_Multiple_Projects_With_PreLauch_Status" name="ChaseRequest_With_Single_Matching_RG" time="1.521"/>
  <testcase classname="HDAP_APIs.Create_Multiple_Projects_With_PreLauch_Status" name="ChaseRequest_With_Single_Matching_RG" time="2.416"/>
  <testcase classname="HDAP_APIs.Create_Multiple_Projects_With_PreLauch_Status" name="ChaseRequest_With_Single_Matching_RG" time="1.448"/>
  <testcase classname="HDAP_APIs.Create_Multiple_Projects_With_PreLauch_Status" name="ChaseRequest_With_Single_Matching_RG" time="1.319"/>
  <testcase classname="HDAP_APIs.Create_Multiple_Projects_With_PreLauch_Status" name="ChaseRequest_With_Single_Matching_RG" time="2.788"/>
  <testcase classname="HDAP_APIs.Create_Multiple_Projects_With_PreLauch_Status" name="ChaseRequest_With_Single_Matching_RG" time="1.554"/>
  <testcase classname="HDAP_APIs.Create_Multiple_Projects_With_PreLauch_Status" name="ChaseRequest_With_Single_Matching_RG" time="1.101"/>
  <testcase classname="HDAP_APIs.Create_Multiple_Projects_With_PreLauch_Status" name="ChaseRequest_With_Single_Matching_RG" time="1.278"/>
  <testcase classname="HDAP_APIs.Create_Multiple_Projects_With_PreLauch_Status" name="ChaseRequest_With_Single_Matching_RG" time="3.042"/>
  <testcase classname="HDAP_APIs.Create_Multiple_Projects_With_PreLauch_Status" name="ChaseRequest_With_Single_Matching_RG" time="1.257"/>
  <testcase classname="HDAP_APIs.Create_Multiple_Projects_With_PreLauch_Status" name="ChaseRequest_With_Single_Matching_RG" time="2.380"/>
  <testcase classname="HDAP_APIs.Create_Multiple_Projects_With_PreLauch_Status" name="ChaseRequest_With_Single_Matching_RG" time="3.434"/>
  <testcase classname="HDAP_APIs.Create_Multiple_Projects_With_PreLauch_Status" name="ChaseRequest_With_Single_Matching_RG" time="1.043"/>
  <testcase classname="HDAP_APIs.Create_Multiple_Projects_With_PreLauch_Status" name="ChaseRequest_With_Single_Matching_RG" time="6.807"/>
  <testcase classname="HDAP_APIs.Create_Multiple_Projects_With_PreLauch_Status" name="ChaseRequest_With_Single_Matching_RG" time="1.232"/>
  <testcase classname="HDAP_APIs.Create_Multiple_Projects_With_PreLauch_Status" name="ChaseRequest_With_Single_Matching_RG" time="1.079"/>
  <testcase classname="HDAP_APIs.Create_Multiple_Projects_With_PreLauch_Status" name="ChaseRequest_With_Single_Matching_RG" time="2.116"/>
  <testcase classname="HDAP_APIs.Create_Multiple_Projects_With_PreLauch_Status" name="ChaseRequest_With_Single_Matching_RG" time="1.079"/>
  <testcase classname="HDAP_APIs.Create_Multiple_Projects_With_PreLauch_Status" name="ChaseRequest_With_Single_Matching_RG" time="1.887"/>
  <testcase classname="HDAP_APIs.Create_Multiple_Projects_With_PreLauch_Status" name="ChaseRequest_With_Single_Matching_RG" time="1.039"/>
  <testcase classname="HDAP_APIs.Create_Multiple_Projects_With_PreLauch_Status" name="ChaseRequest_With_Single_Matching_RG" time="11.100">
    <failure message="1 expectation failed.
Expected status code &lt;202&gt; but was &lt;500&gt;.
" type="java.lang.AssertionError">
      <![CDATA[java.lang.AssertionError: 1 expectation failed.
Expected status code <202> but was <500>.

at java.base/jdk.internal.reflect.NativeConstructorAccessorImpl.newInstance0(Native Method)
at java.base/jdk.internal.reflect.NativeConstructorAccessorImpl.newInstance(NativeConstructorAccessorImpl.java:78)
at java.base/jdk.internal.reflect.DelegatingConstructorAccessorImpl.newInstance(DelegatingConstructorAccessorImpl.java:45)
at java.base/java.lang.reflect.Constructor.newInstanceWithCaller(Constructor.java:499)
at java.base/java.lang.reflect.Constructor.newInstance(Constructor.java:480)
at org.codehaus.groovy.reflection.CachedConstructor.invoke(CachedConstructor.java:73)
at org.codehaus.groovy.reflection.CachedConstructor.doConstructorInvoke(CachedConstructor.java:60)
at org.codehaus.groovy.runtime.callsite.ConstructorSite$ConstructorSiteNoUnwrap.callConstructor(ConstructorSite.java:86)
at org.codehaus.groovy.runtime.callsite.AbstractCallSite.callConstructor(AbstractCallSite.java:277)
at io.restassured.internal.ResponseSpecificationImpl$HamcrestAssertionClosure.validate(ResponseSpecificationImpl.groovy:512)
at io.restassured.internal.ResponseSpecificationImpl$HamcrestAssertionClosure$validate$1.call(Unknown Source)
at io.restassured.internal.ResponseSpecificationImpl.validateResponseIfRequired(ResponseSpecificationImpl.groovy:696)
at io.restassured.internal.ResponseSpecificationImpl.this$2$validateResponseIfRequired(ResponseSpecificationImpl.groovy)
at java.base/jdk.internal.reflect.NativeMethodAccessorImpl.invoke0(Native Method)
at java.base/jdk.internal.reflect.NativeMethodAccessorImpl.invoke(NativeMethodAccessorImpl.java:78)
at java.base/jdk.internal.reflect.DelegatingMethodAccessorImpl.invoke(DelegatingMethodAccessorImpl.java:43)
at java.base/java.lang.reflect.Method.invoke(Method.java:567)
at org.codehaus.groovy.runtime.callsite.PlainObjectMetaMethodSite.doInvoke(PlainObjectMetaMethodSite.java:43)
at org.codehaus.groovy.runtime.callsite.PogoMetaMethodSite$PogoCachedMethodSiteNoUnwrapNoCoerce.invoke(PogoMetaMethodSite.java:198)
at org.codehaus.groovy.runtime.callsite.PogoMetaMethodSite.callCurrent(PogoMetaMethodSite.java:62)
at org.codehaus.groovy.runtime.callsite.AbstractCallSite.callCurrent(AbstractCallSite.java:185)
at io.restassured.internal.ResponseSpecificationImpl.statusCode(ResponseSpecificationImpl.groovy:135)
at io.restassured.specification.ResponseSpecification$statusCode$0.callCurrent(Unknown Source)
at io.restassured.internal.ResponseSpecificationImpl.statusCode(ResponseSpecificationImpl.groovy:143)
at io.restassured.internal.ValidatableResponseOptionsImpl.statusCode(ValidatableResponseOptionsImpl.java:89)
at HDAP_APIs.Create_Multiple_Projects_With_PreLauch_Status.ChaseRequest_With_Single_Matching_RG(Create_Multiple_Projects_With_PreLauch_Status.java:42)
at java.base/jdk.internal.reflect.NativeMethodAccessorImpl.invoke0(Native Method)
at java.base/jdk.internal.reflect.NativeMethodAccessorImpl.invoke(NativeMethodAccessorImpl.java:78)
at java.base/jdk.internal.reflect.DelegatingMethodAccessorImpl.invoke(DelegatingMethodAccessorImpl.java:43)
at java.base/java.lang.reflect.Method.invoke(Method.java:567)
at org.testng.internal.invokers.MethodInvocationHelper.invokeMethod(MethodInvocationHelper.java:141)
at org.testng.internal.invokers.TestInvoker.invokeMethod(TestInvoker.java:686)
at org.testng.internal.invokers.TestInvoker.invokeTestMethod(TestInvoker.java:230)
at org.testng.internal.invokers.MethodRunner.runInSequence(MethodRunner.java:63)
at org.testng.internal.invokers.TestInvoker$MethodInvocationAgent.invoke(TestInvoker.java:992)
at org.testng.internal.invokers.TestInvoker.invokeTestMethods(TestInvoker.java:203)
at org.testng.internal.invokers.TestMethodWorker.invokeTestMethods(TestMethodWorker.java:154)
at org.testng.internal.invokers.TestMethodWorker.run(TestMethodWorker.java:134)
at java.base/java.util.ArrayList.forEach(ArrayList.java:1511)
at org.testng.TestRunner.privateRun(TestRunner.java:739)
at org.testng.TestRunner.run(TestRunner.java:614)
at org.testng.SuiteRunner.runTest(SuiteRunner.java:421)
at org.testng.SuiteRunner.runSequentially(SuiteRunner.java:413)
at org.testng.SuiteRunner.privateRun(SuiteRunner.java:373)
at org.testng.SuiteRunner.run(SuiteRunner.java:312)
at org.testng.SuiteRunnerWorker.runSuite(SuiteRunnerWorker.java:52)
at org.testng.SuiteRunnerWorker.run(SuiteRunnerWorker.java:95)
at org.testng.TestNG.runSuitesSequentially(TestNG.java:1274)
at org.testng.TestNG.runSuitesLocally(TestNG.java:1208)
at org.testng.TestNG.runSuites(TestNG.java:1112)
at org.testng.TestNG.run(TestNG.java:1079)
at org.testng.remote.AbstractRemoteTestNG.run(AbstractRemoteTestNG.java:115)
at org.testng.remote.RemoteTestNG.initAndRun(RemoteTestNG.java:293)
at org.testng.remote.RemoteTestNG.main(RemoteTestNG.java:91)
]]>
    </failure>
  </testcase> <!-- ChaseRequest_With_Single_Matching_RG -->
  <testcase classname="HDAP_APIs.Create_Multiple_Projects_With_PreLauch_Status" name="ChaseRequest_With_Single_Matching_RG" time="1.579"/>
  <testcase classname="HDAP_APIs.Create_Multiple_Projects_With_PreLauch_Status" name="ChaseRequest_With_Single_Matching_RG" time="5.490"/>
  <testcase classname="HDAP_APIs.Create_Multiple_Projects_With_PreLauch_Status" name="ChaseRequest_With_Single_Matching_RG" time="16.084">
    <failure message="1 expectation failed.
Expected status code &lt;202&gt; but was &lt;500&gt;.
" type="java.lang.AssertionError">
      <![CDATA[java.lang.AssertionError: 1 expectation failed.
Expected status code <202> but was <500>.

at java.base/jdk.internal.reflect.NativeConstructorAccessorImpl.newInstance0(Native Method)
at java.base/jdk.internal.reflect.NativeConstructorAccessorImpl.newInstance(NativeConstructorAccessorImpl.java:78)
at java.base/jdk.internal.reflect.DelegatingConstructorAccessorImpl.newInstance(DelegatingConstructorAccessorImpl.java:45)
at java.base/java.lang.reflect.Constructor.newInstanceWithCaller(Constructor.java:499)
at java.base/java.lang.reflect.Constructor.newInstance(Constructor.java:480)
at org.codehaus.groovy.reflection.CachedConstructor.invoke(CachedConstructor.java:73)
at org.codehaus.groovy.reflection.CachedConstructor.doConstructorInvoke(CachedConstructor.java:60)
at org.codehaus.groovy.runtime.callsite.ConstructorSite$ConstructorSiteNoUnwrap.callConstructor(ConstructorSite.java:86)
at org.codehaus.groovy.runtime.callsite.CallSiteArray.defaultCallConstructor(CallSiteArray.java:57)
at org.codehaus.groovy.runtime.callsite.AbstractCallSite.callConstructor(AbstractCallSite.java:263)
at org.codehaus.groovy.runtime.callsite.AbstractCallSite.callConstructor(AbstractCallSite.java:277)
at io.restassured.internal.ResponseSpecificationImpl$HamcrestAssertionClosure.validate(ResponseSpecificationImpl.groovy:512)
at io.restassured.internal.ResponseSpecificationImpl$HamcrestAssertionClosure$validate$1.call(Unknown Source)
at org.codehaus.groovy.runtime.callsite.CallSiteArray.defaultCall(CallSiteArray.java:45)
at org.codehaus.groovy.runtime.callsite.AbstractCallSite.call(AbstractCallSite.java:125)
at org.codehaus.groovy.runtime.callsite.AbstractCallSite.call(AbstractCallSite.java:139)
at io.restassured.internal.ResponseSpecificationImpl.validateResponseIfRequired(ResponseSpecificationImpl.groovy:696)
at io.restassured.internal.ResponseSpecificationImpl.this$2$validateResponseIfRequired(ResponseSpecificationImpl.groovy)
at java.base/jdk.internal.reflect.NativeMethodAccessorImpl.invoke0(Native Method)
at java.base/jdk.internal.reflect.NativeMethodAccessorImpl.invoke(NativeMethodAccessorImpl.java:78)
at java.base/jdk.internal.reflect.DelegatingMethodAccessorImpl.invoke(DelegatingMethodAccessorImpl.java:43)
at java.base/java.lang.reflect.Method.invoke(Method.java:567)
at org.codehaus.groovy.runtime.callsite.PlainObjectMetaMethodSite.doInvoke(PlainObjectMetaMethodSite.java:43)
at org.codehaus.groovy.runtime.callsite.PogoMetaMethodSite$PogoCachedMethodSiteNoUnwrapNoCoerce.invoke(PogoMetaMethodSite.java:198)
at org.codehaus.groovy.runtime.callsite.PogoMetaMethodSite.callCurrent(PogoMetaMethodSite.java:62)
at org.codehaus.groovy.runtime.callsite.CallSiteArray.defaultCallCurrent(CallSiteArray.java:49)
at org.codehaus.groovy.runtime.callsite.AbstractCallSite.callCurrent(AbstractCallSite.java:171)
at org.codehaus.groovy.runtime.callsite.AbstractCallSite.callCurrent(AbstractCallSite.java:185)
at io.restassured.internal.ResponseSpecificationImpl.statusCode(ResponseSpecificationImpl.groovy:135)
at io.restassured.specification.ResponseSpecification$statusCode$0.callCurrent(Unknown Source)
at org.codehaus.groovy.runtime.callsite.CallSiteArray.defaultCallCurrent(CallSiteArray.java:49)
at org.codehaus.groovy.runtime.callsite.AbstractCallSite.callCurrent(AbstractCallSite.java:171)
at org.codehaus.groovy.runtime.callsite.AbstractCallSite.callCurrent(AbstractCallSite.java:185)
at io.restassured.internal.ResponseSpecificationImpl.statusCode(ResponseSpecificationImpl.groovy:143)
at io.restassured.internal.ValidatableResponseOptionsImpl.statusCode(ValidatableResponseOptionsImpl.java:89)
at HDAP_APIs.Create_Multiple_Projects_With_PreLauch_Status.ChaseRequest_With_Single_Matching_RG(Create_Multiple_Projects_With_PreLauch_Status.java:42)
at java.base/jdk.internal.reflect.NativeMethodAccessorImpl.invoke0(Native Method)
at java.base/jdk.internal.reflect.NativeMethodAccessorImpl.invoke(NativeMethodAccessorImpl.java:78)
at java.base/jdk.internal.reflect.DelegatingMethodAccessorImpl.invoke(DelegatingMethodAccessorImpl.java:43)
at java.base/java.lang.reflect.Method.invoke(Method.java:567)
at org.testng.internal.invokers.MethodInvocationHelper.invokeMethod(MethodInvocationHelper.java:141)
at org.testng.internal.invokers.TestInvoker.invokeMethod(TestInvoker.java:686)
at org.testng.internal.invokers.TestInvoker.invokeTestMethod(TestInvoker.java:230)
at org.testng.internal.invokers.MethodRunner.runInSequence(MethodRunner.java:63)
at org.testng.internal.invokers.TestInvoker$MethodInvocationAgent.invoke(TestInvoker.java:992)
at org.testng.internal.invokers.TestInvoker.invokeTestMethods(TestInvoker.java:203)
at org.testng.internal.invokers.TestMethodWorker.invokeTestMethods(TestMethodWorker.java:154)
at org.testng.internal.invokers.TestMethodWorker.run(TestMethodWorker.java:134)
at java.base/java.util.ArrayList.forEach(ArrayList.java:1511)
at org.testng.TestRunner.privateRun(TestRunner.java:739)
at org.testng.TestRunner.run(TestRunner.java:614)
at org.testng.SuiteRunner.runTest(SuiteRunner.java:421)
at org.testng.SuiteRunner.runSequentially(SuiteRunner.java:413)
at org.testng.SuiteRunner.privateRun(SuiteRunner.java:373)
at org.testng.SuiteRunner.run(SuiteRunner.java:312)
at org.testng.SuiteRunnerWorker.runSuite(SuiteRunnerWorker.java:52)
at org.testng.SuiteRunnerWorker.run(SuiteRunnerWorker.java:95)
at org.testng.TestNG.runSuitesSequentially(TestNG.java:1274)
at org.testng.TestNG.runSuitesLocally(TestNG.java:1208)
at org.testng.TestNG.runSuites(TestNG.java:1112)
at org.testng.TestNG.run(TestNG.java:1079)
at org.testng.remote.AbstractRemoteTestNG.run(AbstractRemoteTestNG.java:115)
at org.testng.remote.RemoteTestNG.initAndRun(RemoteTestNG.java:293)
at org.testng.remote.RemoteTestNG.main(RemoteTestNG.java:91)
]]>
    </failure>
  </testcase> <!-- ChaseRequest_With_Single_Matching_RG -->
  <testcase classname="HDAP_APIs.Create_Multiple_Projects_With_PreLauch_Status" name="ChaseRequest_With_Single_Matching_RG" time="7.355"/>
  <testcase classname="HDAP_APIs.Create_Multiple_Projects_With_PreLauch_Status" name="ChaseRequest_With_Single_Matching_RG" time="3.000"/>
  <testcase classname="HDAP_APIs.Create_Multiple_Projects_With_PreLauch_Status" name="ChaseRequest_With_Single_Matching_RG" time="1.037"/>
  <testcase classname="HDAP_APIs.Create_Multiple_Projects_With_PreLauch_Status" name="ChaseRequest_With_Single_Matching_RG" time="1.176"/>
  <testcase classname="HDAP_APIs.Create_Multiple_Projects_With_PreLauch_Status" name="ChaseRequest_With_Single_Matching_RG" time="1.984"/>
  <testcase classname="HDAP_APIs.Create_Multiple_Projects_With_PreLauch_Status" name="ChaseRequest_With_Single_Matching_RG" time="0.999"/>
  <testcase classname="HDAP_APIs.Create_Multiple_Projects_With_PreLauch_Status" name="ChaseRequest_With_Single_Matching_RG" time="1.155"/>
  <testcase classname="HDAP_APIs.Create_Multiple_Projects_With_PreLauch_Status" name="ChaseRequest_With_Single_Matching_RG" time="1.054"/>
  <testcase classname="HDAP_APIs.Create_Multiple_Projects_With_PreLauch_Status" name="ChaseRequest_With_Single_Matching_RG" time="1.808"/>
  <testcase classname="HDAP_APIs.Create_Multiple_Projects_With_PreLauch_Status" name="ChaseRequest_With_Single_Matching_RG" time="1.037"/>
  <testcase classname="HDAP_APIs.Create_Multiple_Projects_With_PreLauch_Status" name="ChaseRequest_With_Single_Matching_RG" time="1.282"/>
  <testcase classname="HDAP_APIs.Create_Multiple_Projects_With_PreLauch_Status" name="ChaseRequest_With_Single_Matching_RG" time="1.758"/>
  <testcase classname="HDAP_APIs.Create_Multiple_Projects_With_PreLauch_Status" name="ChaseRequest_With_Single_Matching_RG" time="1.468"/>
  <testcase classname="HDAP_APIs.Create_Multiple_Projects_With_PreLauch_Status" name="ChaseRequest_With_Single_Matching_RG" time="1.230"/>
</testsuite> <!-- HDAP_APIs.Create_Multiple_Projects_With_PreLauch_Status -->
